<?xml version="1.0" encoding="UTF-8"?>
<!-- Generated by org.testng.reporters.JUnitReportReporter -->
<testsuite hostname="LAPTOP-8DJQJPND" failures="0" tests="3" name="TestNgDemo.TestNgGroupExecution" time="0.664" errors="0" timestamp="2024-09-25T13:52:47 IST" skipped="0">
  <testcase classname="TestNgDemo.TestNgGroupExecution" name="fullname" time="0.322"/>
  <testcase classname="TestNgDemo.TestNgGroupExecution" name="Enteremail" time="0.138"/>
  <testcase classname="TestNgDemo.TestNgGroupExecution" name="click_on_Signup_button" time="0.204"/>
</testsuite> <!-- TestNgDemo.TestNgGroupExecution -->
